<?xml version="1.0" encoding="UTF-8"?>
<!-- Generated by org.testng.reporters.JUnitReportReporter -->
<testsuite skipped="0" hostname="Macs-MacBook-Pro.local" name="TestCases.TestCase_BrokenImages" tests="1" failures="0" timestamp="17 May 2021 07:57:26 GMT" time="27.913" errors="0">
  <testcase name="BrokenImageCheck" time="27.913" classname="TestCases.TestCase_BrokenImages"/>
</testsuite> <!-- TestCases.TestCase_BrokenImages -->
