<?xml version="1.0" encoding="UTF-8"?>
<!-- Generated by org.testng.reporters.JUnitReportReporter -->
<testsuite skipped="0" hostname="Macs-MacBook-Pro.local" name="TestCases.TestCase_JavaScriptAlerts" tests="1" failures="0" timestamp="17 May 2021 19:15:50 GMT" time="44.944" errors="0">
  <testcase name="JsAlertClick" time="44.944" classname="TestCases.TestCase_JavaScriptAlerts"/>
</testsuite> <!-- TestCases.TestCase_JavaScriptAlerts -->
