<?xml version="1.0" encoding="UTF-8"?>
<!-- Generated by org.testng.reporters.JUnitReportReporter -->
<testsuite skipped="0" hostname="Macs-MacBook-Pro.local" name="TestCases.TestCase_ContextMenu" tests="1" failures="0" timestamp="17 May 2021 13:01:14 GMT" time="34.141" errors="0">
  <testcase name="ContextMenuRightClick" time="34.141" classname="TestCases.TestCase_ContextMenu"/>
</testsuite> <!-- TestCases.TestCase_ContextMenu -->
