<?xml version="1.0" encoding="UTF-8"?>
<!-- Generated by org.testng.reporters.JUnitReportReporter -->
<testsuite skipped="0" hostname="Macs-MacBook-Pro.local" name="TestCases.TestCase_InfiniteScroll" tests="1" failures="0" timestamp="17 May 2021 21:13:12 GMT" time="36.724" errors="0">
  <testcase name="ScrollPage" time="36.724" classname="TestCases.TestCase_InfiniteScroll"/>
</testsuite> <!-- TestCases.TestCase_InfiniteScroll -->
