<?xml version="1.0" encoding="UTF-8"?>
<!-- Generated by org.testng.reporters.JUnitReportReporter -->
<testsuite skipped="0" hostname="Macs-MacBook-Pro.local" name="TestCases.TestCase_AddDeleteElement" tests="1" failures="0" timestamp="16 May 2021 20:23:29 GMT" time="43.002" errors="0">
  <testcase name="AddThenDeleteButton" time="43.002" classname="TestCases.TestCase_AddDeleteElement"/>
</testsuite> <!-- TestCases.TestCase_AddDeleteElement -->
