<?xml version="1.0" encoding="UTF-8"?>
<!-- Generated by org.testng.reporters.JUnitReportReporter -->
<testsuite skipped="0" hostname="Macs-MacBook-Pro.local" name="TestCases.TestCase_DragDrop" tests="1" failures="0" timestamp="18 May 2021 19:59:21 GMT" time="27.843" errors="0">
  <testcase name="DragAndDrop" time="27.843" classname="TestCases.TestCase_DragDrop"/>
</testsuite> <!-- TestCases.TestCase_DragDrop -->
